[debug] [2020-09-16T11:49:09.772Z] ----------------------------------------------------------------------
[debug] [2020-09-16T11:49:09.775Z] Command:       D:\src\nodejs\node.exe D:\src\nodejs\node_modules\firebase-tools\lib\bin\firebase.js functions:shell
[debug] [2020-09-16T11:49:09.776Z] CLI Version:   8.10.0
[debug] [2020-09-16T11:49:09.776Z] Platform:      win32
[debug] [2020-09-16T11:49:09.776Z] Node Version:  v12.18.3
[debug] [2020-09-16T11:49:09.777Z] Time:          Wed Sep 16 2020 13:49:09 GMT+0200 (GMT+02:00)
[debug] [2020-09-16T11:49:09.777Z] ----------------------------------------------------------------------
[debug] [2020-09-16T11:49:09.777Z] 
[debug] [2020-09-16T11:49:09.789Z] > command requires scopes: ["email","openid","https://www.googleapis.com/auth/cloudplatformprojects.readonly","https://www.googleapis.com/auth/firebase","https://www.googleapis.com/auth/cloud-platform"]
[debug] [2020-09-16T11:49:09.790Z] > authorizing via signed-in user
[debug] [2020-09-16T11:49:09.790Z] [iam] checking project lspdt-fivem-prod for permissions ["firebase.projects.get"]
[debug] [2020-09-16T11:49:09.794Z] >>> HTTP REQUEST POST https://cloudresourcemanager.googleapis.com/v1/projects/lspdt-fivem-prod:testIamPermissions  
 {"permissions":["firebase.projects.get"]}
[debug] [2020-09-16T11:49:10.605Z] <<< HTTP RESPONSE 200 {"content-type":"application/json; charset=UTF-8","vary":"X-Origin, Referer, Origin,Accept-Encoding","date":"Wed, 16 Sep 2020 11:49:09 GMT","server":"ESF","cache-control":"private","x-xss-protection":"0","x-frame-options":"SAMEORIGIN","x-content-type-options":"nosniff","server-timing":"gfet4t7; dur=701","alt-svc":"h3-29=\":443\"; ma=2592000,h3-27=\":443\"; ma=2592000,h3-T051=\":443\"; ma=2592000,h3-T050=\":443\"; ma=2592000,h3-Q050=\":443\"; ma=2592000,h3-Q046=\":443\"; ma=2592000,h3-Q043=\":443\"; ma=2592000,quic=\":443\"; ma=2592000; v=\"46,43\"","accept-ranges":"none","transfer-encoding":"chunked"}
[debug] [2020-09-16T11:49:12.621Z] [functions] Using node@12 from host.
[debug] [2020-09-16T11:49:12.623Z] defaultcredentials: writing to file C:\Users\Filip\AppData\Roaming\firebase\f_nowakowski2000_gmail.com_application_default_credentials.json
[debug] [2020-09-16T11:49:12.629Z] DEBUG: Setting GAC to C:\Users\Filip\AppData\Roaming\firebase\f_nowakowski2000_gmail.com_application_default_credentials.json
[debug] [2020-09-16T11:49:12.636Z] [functions] Watching "D:\Filip\Code\React\lspdtablet\functions" for Cloud Functions...
[debug] [2020-09-16T11:49:12.654Z] DEBUG: [worker-pool] addWorker(~diagnostic~)
[debug] [2020-09-16T11:49:12.654Z] DEBUG: [worker-pool] Adding worker with key ~diagnostic~, total=1
[debug] [2020-09-16T11:49:12.654Z] DEBUG: [worker-pool] submitWork(triggerId=)
[debug] [2020-09-16T11:49:12.655Z] DEBUG: [worker-~diagnostic~-fce1ce10-68ba-4107-a68d-df0ed678029d]: Assigning socketPath: \\?\pipe\D:\Filip\Code\React\lspdtablet\functions\17132
[debug] [2020-09-16T11:49:12.655Z] DEBUG: [worker-~diagnostic~-fce1ce10-68ba-4107-a68d-df0ed678029d]: BUSY
[debug] [2020-09-16T11:49:13.312Z] DEBUG: [runtime-status] [17132] Functions runtime initialized. {"cwd":"D:\\Filip\\Code\\React\\lspdtablet\\functions","node_version":"12.18.3"}
[debug] [2020-09-16T11:49:13.316Z] DEBUG: [runtime-status] [17132] Disabled runtime features: undefined
[debug] [2020-09-16T11:49:13.322Z] DEBUG: [runtime-status] [17132] Resolved module firebase-admin {"declared":true,"installed":true,"version":"8.13.0","resolution":"D:\\Filip\\Code\\React\\lspdtablet\\functions\\node_modules\\firebase-admin\\lib\\index.js"}
[debug] [2020-09-16T11:49:13.327Z] DEBUG: [runtime-status] [17132] Resolved module firebase-functions {"declared":true,"installed":true,"version":"3.11.0","resolution":"D:\\Filip\\Code\\React\\lspdtablet\\functions\\node_modules\\firebase-functions\\lib\\index.js"}
[debug] [2020-09-16T11:49:13.328Z] DEBUG: [runtime-status] [17132] Resolved module firebase-functions {"declared":true,"installed":true,"version":"3.11.0","resolution":"D:\\Filip\\Code\\React\\lspdtablet\\functions\\node_modules\\firebase-functions\\lib\\index.js"}
[debug] [2020-09-16T11:49:13.330Z] DEBUG: [runtime-status] [17132] Outgoing network have been stubbed. [{"name":"http","status":"mocked"},{"name":"http","status":"mocked"},{"name":"https","status":"mocked"},{"name":"https","status":"mocked"},{"name":"net","status":"mocked"}]
[debug] [2020-09-16T11:49:13.331Z] DEBUG: [runtime-status] [17132] Resolved module firebase-functions {"declared":true,"installed":true,"version":"3.11.0","resolution":"D:\\Filip\\Code\\React\\lspdtablet\\functions\\node_modules\\firebase-functions\\lib\\index.js"}
[debug] [2020-09-16T11:49:13.400Z] DEBUG: [runtime-status] [17132] Checked functions.config() {"config":{}}
[debug] [2020-09-16T11:49:13.400Z] DEBUG: [runtime-status] [17132] firebase-functions has been stubbed. {"functionsResolution":{"declared":true,"installed":true,"version":"3.11.0","resolution":"D:\\Filip\\Code\\React\\lspdtablet\\functions\\node_modules\\firebase-functions\\lib\\index.js"}}
[debug] [2020-09-16T11:49:13.401Z] DEBUG: [runtime-status] [17132] Resolved module firebase-functions {"declared":true,"installed":true,"version":"3.11.0","resolution":"D:\\Filip\\Code\\React\\lspdtablet\\functions\\node_modules\\firebase-functions\\lib\\index.js"}
[debug] [2020-09-16T11:49:13.403Z] DEBUG: [runtime-status] [17132] Resolved module firebase-admin {"declared":true,"installed":true,"version":"8.13.0","resolution":"D:\\Filip\\Code\\React\\lspdtablet\\functions\\node_modules\\firebase-admin\\lib\\index.js"}
[debug] [2020-09-16T11:49:13.404Z] DEBUG: [runtime-status] [17132] Resolved module firebase-functions {"declared":true,"installed":true,"version":"3.11.0","resolution":"D:\\Filip\\Code\\React\\lspdtablet\\functions\\node_modules\\firebase-functions\\lib\\index.js"}
[debug] [2020-09-16T11:49:13.404Z] DEBUG: [runtime-status] [17132] firebase-admin has been stubbed. {"adminResolution":{"declared":true,"installed":true,"version":"8.13.0","resolution":"D:\\Filip\\Code\\React\\lspdtablet\\functions\\node_modules\\firebase-admin\\lib\\index.js"}}
[debug] [2020-09-16T11:49:14.123Z] DEBUG: [runtime-status] [17132] initializeApp(DEFAULT) {"databaseURL":"https://lspdt-fivem-prod.firebaseio.com","storageBucket":"lspdt-fivem-prod.appspot.com","projectId":"lspdt-fivem-prod"}
[warn] !  functions: The Cloud Firestore emulator is not running, so calls to Firestore will affect production. {"metadata":{"emulator":{"name":"functions"},"message":"The Cloud Firestore emulator is not running, so calls to Firestore will affect production."}}
[debug] [2020-09-16T11:49:14.510Z] [functions[setCitizenPhoneNumber]] http function initialized (http://localhost:5000/lspdt-fivem-prod/us-central1/setCitizenPhoneNumber).
[debug] [2020-09-16T11:49:14.510Z] [functions[makeCitizenRegistration]] http function initialized (http://localhost:5000/lspdt-fivem-prod/us-central1/makeCitizenRegistration).
[debug] [2020-09-16T11:49:14.510Z] [functions[recruitCitizen]] http function initialized (http://localhost:5000/lspdt-fivem-prod/us-central1/recruitCitizen).
[debug] [2020-09-16T11:49:14.510Z] [functions[setCitizenPhoto]] http function initialized (http://localhost:5000/lspdt-fivem-prod/us-central1/setCitizenPhoto).
[debug] [2020-09-16T11:49:14.510Z] [functions[makeCitizenWanted]] http function initialized (http://localhost:5000/lspdt-fivem-prod/us-central1/makeCitizenWanted).
[debug] [2020-09-16T11:49:14.510Z] [functions[confirmArrestMandate]] http function initialized (http://localhost:5000/lspdt-fivem-prod/us-central1/confirmArrestMandate).
[debug] [2020-09-16T11:49:14.510Z] [functions[findByIdScan]] http function initialized (http://localhost:5000/lspdt-fivem-prod/us-central1/findByIdScan).
[debug] [2020-09-16T11:49:14.511Z] [functions[updateOfficerBadgeNumber]] http function initialized (http://localhost:5000/lspdt-fivem-prod/us-central1/updateOfficerBadgeNumber).
[debug] [2020-09-16T11:49:14.511Z] [functions[setOfficerRank]] http function initialized (http://localhost:5000/lspdt-fivem-prod/us-central1/setOfficerRank).
[debug] [2020-09-16T11:49:14.511Z] [functions[fireOfficer]] http function initialized (http://localhost:5000/lspdt-fivem-prod/us-central1/fireOfficer).
[debug] [2020-09-16T11:49:14.511Z] [functions[addCrime]] http function initialized (http://localhost:5000/lspdt-fivem-prod/us-central1/addCrime).
[debug] [2020-09-16T11:49:14.511Z] [functions[editCrime]] http function initialized (http://localhost:5000/lspdt-fivem-prod/us-central1/editCrime).
[debug] [2020-09-16T11:49:14.511Z] [functions[deleteCrime]] http function initialized (http://localhost:5000/lspdt-fivem-prod/us-central1/deleteCrime).
[debug] [2020-09-16T11:49:14.511Z] [functions[addPrefix]] http function initialized (http://localhost:5000/lspdt-fivem-prod/us-central1/addPrefix).
[debug] [2020-09-16T11:49:14.511Z] [functions[editPrefix]] http function initialized (http://localhost:5000/lspdt-fivem-prod/us-central1/editPrefix).
[debug] [2020-09-16T11:49:14.511Z] [functions[deletePrefix]] http function initialized (http://localhost:5000/lspdt-fivem-prod/us-central1/deletePrefix).
[debug] [2020-09-16T11:49:14.511Z] [functions[addRank]] http function initialized (http://localhost:5000/lspdt-fivem-prod/us-central1/addRank).
[debug] [2020-09-16T11:49:14.511Z] [functions[editRank]] http function initialized (http://localhost:5000/lspdt-fivem-prod/us-central1/editRank).
[debug] [2020-09-16T11:49:14.511Z] [functions[deleteRank]] http function initialized (http://localhost:5000/lspdt-fivem-prod/us-central1/deleteRank).
[debug] [2020-09-16T11:49:14.511Z] [functions[listPermissions]] http function initialized (http://localhost:5000/lspdt-fivem-prod/us-central1/listPermissions).
[debug] [2020-09-16T11:49:14.511Z] [functions[createChief]] http function initialized (http://localhost:5000/lspdt-fivem-prod/us-central1/createChief).
[debug] [2020-09-16T11:49:14.512Z] [functions[createCitizen]] http function initialized (http://localhost:5000/lspdt-fivem-prod/us-central1/createCitizen).
[debug] [2020-09-16T11:49:14.512Z] [functions[tmp]] http function initialized (http://localhost:5000/lspdt-fivem-prod/us-central1/tmp).
[info] i  functions: Loaded functions: setCitizenPhoneNumber, makeCitizenRegistration, recruitCitizen, setCitizenPhoto, makeCitizenWanted, confirmArrestMandate, findByIdScan, updateOfficerBadgeNumber, setOfficerRank, fireOfficer, addCrime, editCrime, deleteCrime, addPrefix, editPrefix, deletePrefix, addRank, editRank, deleteRank, listPermissions, createChief, createCitizen, tmp 
[warn] !  functions: The following emulators are not running, calls to these services will affect production: firestore, database, pubsub 
[debug] [2020-09-16T11:49:14.529Z] DEBUG: [worker-~diagnostic~-fce1ce10-68ba-4107-a68d-df0ed678029d]: IDLE
[debug] [2020-09-16T11:49:48.744Z] [work-queue] {"queueLength":1,"workRunningCount":0}
[debug] [2020-09-16T11:49:48.749Z] [work-queue] {"queueLength":0,"workRunningCount":1}
[debug] [2020-09-16T11:49:48.750Z] Accepted request POST /lspdt-fivem-prod/us-central1/tmp --> tmp
[debug] [2020-09-16T11:49:48.778Z] DEBUG: [worker-pool] addWorker(tmp)
[debug] [2020-09-16T11:49:48.779Z] DEBUG: [worker-pool] Adding worker with key tmp, total=1
[debug] [2020-09-16T11:49:48.779Z] DEBUG: [worker-pool] submitWork(triggerId=tmp)
[debug] [2020-09-16T11:49:48.779Z] DEBUG: [worker-tmp-282c9484-9c0c-45ce-8ab5-3e89bdfa2d97]: Assigning socketPath: \\?\pipe\D:\Filip\Code\React\lspdtablet\functions\18420
[debug] [2020-09-16T11:49:48.779Z] DEBUG: [worker-tmp-282c9484-9c0c-45ce-8ab5-3e89bdfa2d97]: BUSY
[debug] [2020-09-16T11:49:49.541Z] DEBUG: [runtime-status] [18420] Functions runtime initialized. {"cwd":"D:\\Filip\\Code\\React\\lspdtablet\\functions","node_version":"12.18.3"}
[debug] [2020-09-16T11:49:49.549Z] DEBUG: [runtime-status] [18420] Disabled runtime features: undefined
[debug] [2020-09-16T11:49:49.562Z] DEBUG: [runtime-status] [18420] Resolved module firebase-admin {"declared":true,"installed":true,"version":"8.13.0","resolution":"D:\\Filip\\Code\\React\\lspdtablet\\functions\\node_modules\\firebase-admin\\lib\\index.js"}
[debug] [2020-09-16T11:49:49.565Z] DEBUG: [runtime-status] [18420] Resolved module firebase-functions {"declared":true,"installed":true,"version":"3.11.0","resolution":"D:\\Filip\\Code\\React\\lspdtablet\\functions\\node_modules\\firebase-functions\\lib\\index.js"}
[debug] [2020-09-16T11:49:49.566Z] DEBUG: [runtime-status] [18420] Resolved module firebase-functions {"declared":true,"installed":true,"version":"3.11.0","resolution":"D:\\Filip\\Code\\React\\lspdtablet\\functions\\node_modules\\firebase-functions\\lib\\index.js"}
[debug] [2020-09-16T11:49:49.569Z] DEBUG: [runtime-status] [18420] Outgoing network have been stubbed. [{"name":"http","status":"mocked"},{"name":"http","status":"mocked"},{"name":"https","status":"mocked"},{"name":"https","status":"mocked"},{"name":"net","status":"mocked"}]
[debug] [2020-09-16T11:49:49.570Z] DEBUG: [runtime-status] [18420] Resolved module firebase-functions {"declared":true,"installed":true,"version":"3.11.0","resolution":"D:\\Filip\\Code\\React\\lspdtablet\\functions\\node_modules\\firebase-functions\\lib\\index.js"}
[debug] [2020-09-16T11:49:49.659Z] DEBUG: [runtime-status] [18420] Checked functions.config() {"config":{}}
[debug] [2020-09-16T11:49:49.661Z] DEBUG: [runtime-status] [18420] firebase-functions has been stubbed. {"functionsResolution":{"declared":true,"installed":true,"version":"3.11.0","resolution":"D:\\Filip\\Code\\React\\lspdtablet\\functions\\node_modules\\firebase-functions\\lib\\index.js"}}
[debug] [2020-09-16T11:49:49.662Z] DEBUG: [runtime-status] [18420] Resolved module firebase-functions {"declared":true,"installed":true,"version":"3.11.0","resolution":"D:\\Filip\\Code\\React\\lspdtablet\\functions\\node_modules\\firebase-functions\\lib\\index.js"}
[debug] [2020-09-16T11:49:49.667Z] DEBUG: [runtime-status] [18420] Resolved module firebase-admin {"declared":true,"installed":true,"version":"8.13.0","resolution":"D:\\Filip\\Code\\React\\lspdtablet\\functions\\node_modules\\firebase-admin\\lib\\index.js"}
[debug] [2020-09-16T11:49:49.670Z] DEBUG: [runtime-status] [18420] Resolved module firebase-functions {"declared":true,"installed":true,"version":"3.11.0","resolution":"D:\\Filip\\Code\\React\\lspdtablet\\functions\\node_modules\\firebase-functions\\lib\\index.js"}
[debug] [2020-09-16T11:49:49.674Z] DEBUG: [runtime-status] [18420] firebase-admin has been stubbed. {"adminResolution":{"declared":true,"installed":true,"version":"8.13.0","resolution":"D:\\Filip\\Code\\React\\lspdtablet\\functions\\node_modules\\firebase-admin\\lib\\index.js"}}
[debug] [2020-09-16T11:49:50.455Z] DEBUG: [runtime-status] [18420] initializeApp(DEFAULT) {"databaseURL":"https://lspdt-fivem-prod.firebaseio.com","storageBucket":"lspdt-fivem-prod.appspot.com","projectId":"lspdt-fivem-prod"}
[warn] !  functions: The Cloud Firestore emulator is not running, so calls to Firestore will affect production. {"metadata":{"emulator":{"name":"functions"},"function":{"name":"tmp"},"message":"The Cloud Firestore emulator is not running, so calls to Firestore will affect production."}}
[debug] [2020-09-16T11:49:50.820Z] DEBUG: [runtime-status] [18420] Trigger "tmp" has been found, beginning invocation!
[debug] [2020-09-16T11:49:50.820Z] [functions] Beginning execution of "tmp"
[debug] [2020-09-16T11:49:50.821Z] DEBUG: [runtime-status] [18420] triggerDefinition {"httpsTrigger":{},"labels":{"deployment-callable":"true"},"name":"tmp","entryPoint":"tmp"}
[debug] [2020-09-16T11:49:50.821Z] DEBUG: [runtime-status] [18420] Running tmp in mode HTTPS
[debug] [2020-09-16T11:49:50.827Z] DEBUG: [runtime-status] [18420] Attempting to listen to socketPath: \\?\pipe\D:\Filip\Code\React\lspdtablet\functions\18420
[debug] [2020-09-16T11:49:50.831Z] DEBUG: [functions] Runtime ready! Sending request!
[debug] [2020-09-16T11:49:50.867Z] DEBUG: [runtime-status] [18420] Ephemeral server handling POST request
[debug] [2020-09-16T11:49:50.870Z] DEBUG: [runtime-status] [18420] No callable functions auth found
[debug] [2020-09-16T11:49:50.941Z] DEBUG: [runtime-status] [18420] Ephemeral server survived.
[info] >  Samuel Buddy | atomicrp { admin: true, permissions: [], Server: 'atomicrp' } {"user":"Samuel Buddy | atomicrp { admin: true, permissions: [], Server: 'atomicrp' }","metadata":{"emulator":{"name":"functions"},"function":{"name":"tmp"},"message":"\u001b[90m> \u001b[39m Samuel Buddy | atomicrp { admin: true, permissions: [], Server: 'atomicrp' }"}}
[info] >  Samuel Buddy | sincity { admin: true, permissions: [], Server: 'sincity' } {"user":"Samuel Buddy | sincity { admin: true, permissions: [], Server: 'sincity' }","metadata":{"emulator":{"name":"functions"},"function":{"name":"tmp"},"message":"\u001b[90m> \u001b[39m Samuel Buddy | sincity { admin: true, permissions: [], Server: 'sincity' }"}}
[info] >  Carl Navas | sincity { {"user":"Carl Navas | sincity {","metadata":{"emulator":{"name":"functions"},"function":{"name":"tmp"},"message":"\u001b[90m> \u001b[39m Carl Navas | sincity {"}}
[info] >    Server: 'sincity', {"user":"  Server: 'sincity',","metadata":{"emulator":{"name":"functions"},"function":{"name":"tmp"},"message":"\u001b[90m> \u001b[39m   Server: 'sincity',"}}
[info] >    permissions: [ {"user":"  permissions: [","metadata":{"emulator":{"name":"functions"},"function":{"name":"tmp"},"message":"\u001b[90m> \u001b[39m   permissions: ["}}
[info] >      'accessSummary', {"user":"    'accessSummary',","metadata":{"emulator":{"name":"functions"},"function":{"name":"tmp"},"message":"\u001b[90m> \u001b[39m     'accessSummary',"}}
[info] >      'accessCitizens', {"user":"    'accessCitizens',","metadata":{"emulator":{"name":"functions"},"function":{"name":"tmp"},"message":"\u001b[90m> \u001b[39m     'accessCitizens',"}}
[info] >      'accessVehicles', {"user":"    'accessVehicles',","metadata":{"emulator":{"name":"functions"},"function":{"name":"tmp"},"message":"\u001b[90m> \u001b[39m     'accessVehicles',"}}
[info] >      'accessPolice', {"user":"    'accessPolice',","metadata":{"emulator":{"name":"functions"},"function":{"name":"tmp"},"message":"\u001b[90m> \u001b[39m     'accessPolice',"}}
[info] >      'accessCrimes', {"user":"    'accessCrimes',","metadata":{"emulator":{"name":"functions"},"function":{"name":"tmp"},"message":"\u001b[90m> \u001b[39m     'accessCrimes',"}}
[info] >      'setCitizenPhoneNumber', {"user":"    'setCitizenPhoneNumber',","metadata":{"emulator":{"name":"functions"},"function":{"name":"tmp"},"message":"\u001b[90m> \u001b[39m     'setCitizenPhoneNumber',"}}
[info] >      'makeCitizenRegistration', {"user":"    'makeCitizenRegistration',","metadata":{"emulator":{"name":"functions"},"function":{"name":"tmp"},"message":"\u001b[90m> \u001b[39m     'makeCitizenRegistration',"}}
[info] >      'accessArrestMandate', {"user":"    'accessArrestMandate',","metadata":{"emulator":{"name":"functions"},"function":{"name":"tmp"},"message":"\u001b[90m> \u001b[39m     'accessArrestMandate',"}}
[info] >      'recruitOfficer', {"user":"    'recruitOfficer',","metadata":{"emulator":{"name":"functions"},"function":{"name":"tmp"},"message":"\u001b[90m> \u001b[39m     'recruitOfficer',"}}
[info] >      'setCitizenPhoto', {"user":"    'setCitizenPhoto',","metadata":{"emulator":{"name":"functions"},"function":{"name":"tmp"},"message":"\u001b[90m> \u001b[39m     'setCitizenPhoto',"}}
[info] >      'changeOfficerBadgeNumber', {"user":"    'changeOfficerBadgeNumber',","metadata":{"emulator":{"name":"functions"},"function":{"name":"tmp"},"message":"\u001b[90m> \u001b[39m     'changeOfficerBadgeNumber',"}}
[info] >      'fireOfficer', {"user":"    'fireOfficer',","metadata":{"emulator":{"name":"functions"},"function":{"name":"tmp"},"message":"\u001b[90m> \u001b[39m     'fireOfficer',"}}
[info] >      'changeOfficerRank', {"user":"    'changeOfficerRank',","metadata":{"emulator":{"name":"functions"},"function":{"name":"tmp"},"message":"\u001b[90m> \u001b[39m     'changeOfficerRank',"}}
[info] >      'manageCrimes', {"user":"    'manageCrimes',","metadata":{"emulator":{"name":"functions"},"function":{"name":"tmp"},"message":"\u001b[90m> \u001b[39m     'manageCrimes',"}}
[info] >      'managePrefixes', {"user":"    'managePrefixes',","metadata":{"emulator":{"name":"functions"},"function":{"name":"tmp"},"message":"\u001b[90m> \u001b[39m     'managePrefixes',"}}
[info] >      'manageRanks', {"user":"    'manageRanks',","metadata":{"emulator":{"name":"functions"},"function":{"name":"tmp"},"message":"\u001b[90m> \u001b[39m     'manageRanks',"}}
[info] >      'accessRanks', {"user":"    'accessRanks',","metadata":{"emulator":{"name":"functions"},"function":{"name":"tmp"},"message":"\u001b[90m> \u001b[39m     'accessRanks',"}}
[info] >      'accessPrefixes' {"user":"    'accessPrefixes'","metadata":{"emulator":{"name":"functions"},"function":{"name":"tmp"},"message":"\u001b[90m> \u001b[39m     'accessPrefixes'"}}
[info] >    ] {"user":"  ]","metadata":{"emulator":{"name":"functions"},"function":{"name":"tmp"},"message":"\u001b[90m> \u001b[39m   ]"}}
[info] >  } {"user":"}","metadata":{"emulator":{"name":"functions"},"function":{"name":"tmp"},"message":"\u001b[90m> \u001b[39m }"}}
[info] >  Joel Custom | dev { Server: 'dev' } {"user":"Joel Custom | dev { Server: 'dev' }","metadata":{"emulator":{"name":"functions"},"function":{"name":"tmp"},"message":"\u001b[90m> \u001b[39m Joel Custom | dev { Server: 'dev' }"}}
[info] >  Samuel Buddy | dev { {"user":"Samuel Buddy | dev {","metadata":{"emulator":{"name":"functions"},"function":{"name":"tmp"},"message":"\u001b[90m> \u001b[39m Samuel Buddy | dev {"}}
[info] >    admin: true, {"user":"  admin: true,","metadata":{"emulator":{"name":"functions"},"function":{"name":"tmp"},"message":"\u001b[90m> \u001b[39m   admin: true,"}}
[info] >    permissions: [ {"user":"  permissions: [","metadata":{"emulator":{"name":"functions"},"function":{"name":"tmp"},"message":"\u001b[90m> \u001b[39m   permissions: ["}}
[info] >      'accessSummary', {"user":"    'accessSummary',","metadata":{"emulator":{"name":"functions"},"function":{"name":"tmp"},"message":"\u001b[90m> \u001b[39m     'accessSummary',"}}
[info] >      'accessCitizens', {"user":"    'accessCitizens',","metadata":{"emulator":{"name":"functions"},"function":{"name":"tmp"},"message":"\u001b[90m> \u001b[39m     'accessCitizens',"}}
[info] >      'accessVehicles', {"user":"    'accessVehicles',","metadata":{"emulator":{"name":"functions"},"function":{"name":"tmp"},"message":"\u001b[90m> \u001b[39m     'accessVehicles',"}}
[info] >      'accessPolice', {"user":"    'accessPolice',","metadata":{"emulator":{"name":"functions"},"function":{"name":"tmp"},"message":"\u001b[90m> \u001b[39m     'accessPolice',"}}
[info] >      'accessCrimes', {"user":"    'accessCrimes',","metadata":{"emulator":{"name":"functions"},"function":{"name":"tmp"},"message":"\u001b[90m> \u001b[39m     'accessCrimes',"}}
[info] >      'accessPrefixes', {"user":"    'accessPrefixes',","metadata":{"emulator":{"name":"functions"},"function":{"name":"tmp"},"message":"\u001b[90m> \u001b[39m     'accessPrefixes',"}}
[info] >      'accessRanks', {"user":"    'accessRanks',","metadata":{"emulator":{"name":"functions"},"function":{"name":"tmp"},"message":"\u001b[90m> \u001b[39m     'accessRanks',"}}
[info] >      'setCitizenPhoneNumber', {"user":"    'setCitizenPhoneNumber',","metadata":{"emulator":{"name":"functions"},"function":{"name":"tmp"},"message":"\u001b[90m> \u001b[39m     'setCitizenPhoneNumber',"}}
[info] >      'accessArrestMandate', {"user":"    'accessArrestMandate',","metadata":{"emulator":{"name":"functions"},"function":{"name":"tmp"},"message":"\u001b[90m> \u001b[39m     'accessArrestMandate',"}}
[info] >      'makeCitizenRegistration', {"user":"    'makeCitizenRegistration',","metadata":{"emulator":{"name":"functions"},"function":{"name":"tmp"},"message":"\u001b[90m> \u001b[39m     'makeCitizenRegistration',"}}
[info] >      'recruitOfficer', {"user":"    'recruitOfficer',","metadata":{"emulator":{"name":"functions"},"function":{"name":"tmp"},"message":"\u001b[90m> \u001b[39m     'recruitOfficer',"}}
[info] >      'setCitizenPhoto', {"user":"    'setCitizenPhoto',","metadata":{"emulator":{"name":"functions"},"function":{"name":"tmp"},"message":"\u001b[90m> \u001b[39m     'setCitizenPhoto',"}}
[info] >      'changeOfficerBadgeNumber', {"user":"    'changeOfficerBadgeNumber',","metadata":{"emulator":{"name":"functions"},"function":{"name":"tmp"},"message":"\u001b[90m> \u001b[39m     'changeOfficerBadgeNumber',"}}
[info] >      'changeOfficerRank', {"user":"    'changeOfficerRank',","metadata":{"emulator":{"name":"functions"},"function":{"name":"tmp"},"message":"\u001b[90m> \u001b[39m     'changeOfficerRank',"}}
[info] >      'fireOfficer', {"user":"    'fireOfficer',","metadata":{"emulator":{"name":"functions"},"function":{"name":"tmp"},"message":"\u001b[90m> \u001b[39m     'fireOfficer',"}}
[info] >      'manageCrimes', {"user":"    'manageCrimes',","metadata":{"emulator":{"name":"functions"},"function":{"name":"tmp"},"message":"\u001b[90m> \u001b[39m     'manageCrimes',"}}
[info] >      'managePrefixes', {"user":"    'managePrefixes',","metadata":{"emulator":{"name":"functions"},"function":{"name":"tmp"},"message":"\u001b[90m> \u001b[39m     'managePrefixes',"}}
[info] >      'manageRanks' {"user":"    'manageRanks'","metadata":{"emulator":{"name":"functions"},"function":{"name":"tmp"},"message":"\u001b[90m> \u001b[39m     'manageRanks'"}}
[info] >    ], {"user":"  ],","metadata":{"emulator":{"name":"functions"},"function":{"name":"tmp"},"message":"\u001b[90m> \u001b[39m   ],"}}
[info] >    Server: 'dev' {"user":"  Server: 'dev'","metadata":{"emulator":{"name":"functions"},"function":{"name":"tmp"},"message":"\u001b[90m> \u001b[39m   Server: 'dev'"}}
[info] >  } {"user":"}","metadata":{"emulator":{"name":"functions"},"function":{"name":"tmp"},"message":"\u001b[90m> \u001b[39m }"}}
[info] >  George Flinston | dev { {"user":"George Flinston | dev {","metadata":{"emulator":{"name":"functions"},"function":{"name":"tmp"},"message":"\u001b[90m> \u001b[39m George Flinston | dev {"}}
[info] >    Server: 'dev', {"user":"  Server: 'dev',","metadata":{"emulator":{"name":"functions"},"function":{"name":"tmp"},"message":"\u001b[90m> \u001b[39m   Server: 'dev',"}}
[info] >    permissions: [ {"user":"  permissions: [","metadata":{"emulator":{"name":"functions"},"function":{"name":"tmp"},"message":"\u001b[90m> \u001b[39m   permissions: ["}}
[info] >      'accessSummary', {"user":"    'accessSummary',","metadata":{"emulator":{"name":"functions"},"function":{"name":"tmp"},"message":"\u001b[90m> \u001b[39m     'accessSummary',"}}
[info] >      'accessCitizens', {"user":"    'accessCitizens',","metadata":{"emulator":{"name":"functions"},"function":{"name":"tmp"},"message":"\u001b[90m> \u001b[39m     'accessCitizens',"}}
[info] >      'accessVehicles', {"user":"    'accessVehicles',","metadata":{"emulator":{"name":"functions"},"function":{"name":"tmp"},"message":"\u001b[90m> \u001b[39m     'accessVehicles',"}}
[info] >      'accessPolice', {"user":"    'accessPolice',","metadata":{"emulator":{"name":"functions"},"function":{"name":"tmp"},"message":"\u001b[90m> \u001b[39m     'accessPolice',"}}
[info] >      'accessCrimes', {"user":"    'accessCrimes',","metadata":{"emulator":{"name":"functions"},"function":{"name":"tmp"},"message":"\u001b[90m> \u001b[39m     'accessCrimes',"}}
[info] >      'accessRanks', {"user":"    'accessRanks',","metadata":{"emulator":{"name":"functions"},"function":{"name":"tmp"},"message":"\u001b[90m> \u001b[39m     'accessRanks',"}}
[info] >      'accessPrefixes', {"user":"    'accessPrefixes',","metadata":{"emulator":{"name":"functions"},"function":{"name":"tmp"},"message":"\u001b[90m> \u001b[39m     'accessPrefixes',"}}
[info] >      'setCitizenPhoneNumber', {"user":"    'setCitizenPhoneNumber',","metadata":{"emulator":{"name":"functions"},"function":{"name":"tmp"},"message":"\u001b[90m> \u001b[39m     'setCitizenPhoneNumber',"}}
[info] >      'makeCitizenRegistration', {"user":"    'makeCitizenRegistration',","metadata":{"emulator":{"name":"functions"},"function":{"name":"tmp"},"message":"\u001b[90m> \u001b[39m     'makeCitizenRegistration',"}}
[info] >      'accessArrestMandate', {"user":"    'accessArrestMandate',","metadata":{"emulator":{"name":"functions"},"function":{"name":"tmp"},"message":"\u001b[90m> \u001b[39m     'accessArrestMandate',"}}
[info] >      'setCitizenPhoto' {"user":"    'setCitizenPhoto'","metadata":{"emulator":{"name":"functions"},"function":{"name":"tmp"},"message":"\u001b[90m> \u001b[39m     'setCitizenPhoto'"}}
[info] >    ] {"user":"  ]","metadata":{"emulator":{"name":"functions"},"function":{"name":"tmp"},"message":"\u001b[90m> \u001b[39m   ]"}}
[info] >  } {"user":"}","metadata":{"emulator":{"name":"functions"},"function":{"name":"tmp"},"message":"\u001b[90m> \u001b[39m }"}}
[info] >  Andriej Diaz | sincity { Server: 'sincity' } {"user":"Andriej Diaz | sincity { Server: 'sincity' }","metadata":{"emulator":{"name":"functions"},"function":{"name":"tmp"},"message":"\u001b[90m> \u001b[39m Andriej Diaz | sincity { Server: 'sincity' }"}}
[debug] [2020-09-16T11:49:51.553Z] [functions] Finished "tmp" in ~1s
[debug] [2020-09-16T11:49:51.553Z] DEBUG: [worker-tmp-282c9484-9c0c-45ce-8ab5-3e89bdfa2d97]: IDLE
[debug] [2020-09-16T11:49:51.554Z] [work-queue] {"queueLength":0,"workRunningCount":0}
